;IR code
;STOREI 7 $T0
;STOREI $T0 num
;STOREI 2 $T1
;STOREI $T1 i
;STOREI 42 $T2
;STOREI $T2 a
;STOREI 5 $T3
;GE i $T3 label2
;ADDI num a $T4
;STOREI $T4 num
;STOREI 3 $T5
;GE i $T5 label0
;ADDI num a $T6
;STOREI $T6 num
;LABEL label0
;JUMP label1
;LABEL label2
;STOREI 5 $T7
;LT i $T7 label1
;SUBI num a $T8
;STOREI $T8 num
;LABEL label1
;WRITEI num
;tiny code
var i
var a
var num
move 7 r0
move r0 num
move 2 r1
move r1 i
move 42 r2
move r2 a
move 5 r3
cmpi i r3
jge label2
move num r4
addi a r4
move r4 num
move 3 r5
cmpi i r5
jge label0
move num r6
addi a r6
move r6 num
label label0
jmp label1
label label2
move 5 r7
cmpi i r7
jlt label1
move num r8
subi a r8
move r8 num
label label1
sys writei num
sys halt
